[0:00:01] <RivieresUwU> Kekw
[0:00:01] <+Stormzz9> hi
[0:00:05] <OmriHaze> we back
[0:00:06] <pr1defulll> yes
[0:00:06] <matrixQQ> WE BACK Pog
[0:00:06] <+MacEhCheeze> POG
[0:00:06] <CommonlyColin> SAVWED
[0:00:06] <+Heysylar> PogU SAVED
[0:00:06] <VladE81> backkk
[0:00:06] <%bennybock_> back!!
[0:00:07] <NewManSD> g
[0:00:07] <NIGHTYYyY> pOG
[0:00:07] <Perfectclear> SAVED
[0:00:07] <%viciousss24> HES BACLKKKKKKKKKKKK
[0:00:07] <+xerosis> saved
[0:00:07] <+DoggieSnorts> Pog
[0:00:07] <Zorgolk> SAVED
[0:00:08] <+small_otter> SAVED
[0:00:08] <HattoriHanz> and he''s back
[0:00:08] <MYNEWDUMGAME> SAVED PogU
[0:00:08] <shreyaskp> SSABED
[0:00:08] <tekashi6nitch9ine> Im from EU and I have downs too
[0:00:08] <%tofuchiffon> we BACK BOIES
[0:00:08] <+mayacc00> YAYYYYYYYYYYY
[0:00:09] <Averdian> SAVED
[0:00:09] <Anwedie> Saved Pog
[0:00:09] <@xxHaze> SAVED
[0:00:10] <joepirl> back
[0:00:10] <manalq11> pog
[0:00:10] <Fearful_Warlord> WE BACK
[0:00:10] <Reanimate1> Pog SAVED
[0:00:10] <dahrg> SAVED
[0:00:10] <ThreshAirIines> SAVED
[0:00:11] <nervelife> well hello thre
[0:00:11] <%Aziz050> back
[0:00:12] <@cup_of_lulu> HACKER
[0:00:12] <%HinokiRL> hax
[0:00:13] <mwr_phloem> sAvEd
[0:00:13] <+kevin_fate> LOL
[0:00:13] <xFabulA> SAVED
[0:00:14] <%HinokiRL> haxs
[0:00:14] <19VSR91> gg
[0:00:14] <cherdle> PogU
[0:00:14] <Bloomkail> HACK
[0:00:14] <+magillagorilla4sale> PogChamp
[0:00:15] <sadboyjay> SAVED LUL
[0:00:15] <saffattack> LMAO
[0:00:15] <flysmorcs> inting
[0:00:16] <NEXY99> saved
[0:00:17] <waazaap123> HACCC
[0:00:17] <mrfreezy00> Pog
[0:00:17] <+catrageroom> WTF
[0:00:17] <@cup_of_lulu> HACKERMAN EZ
[0:00:17] <Spankanatorx> LULW
[0:00:17] <+Henrisverden> LOL
[0:00:18] <%Aziz050> LUL
[0:00:18] <+flav0rtext> ITS BACK
[0:00:18] <bokolos247> haked
[0:00:19] <vernonaw00> !followage
[0:00:19] <+gggrengar> LMAO
[0:00:19] <Averdian> OH MY GOD
[0:00:19] <RomanSpain> saved POGGERS
[0:00:19] <tekashi6nitch9ine> PogYou
[0:00:19] <idrequireda> HLLO
[0:00:19] <Filbro> SAVED
[0:00:20] <Tharantos> E BUG
[0:00:20] <brbajnahdjaanbd> back with ads Pog
[0:00:21] <cutiechiaki> HE GOT BANNED FROM SAYING TINY LOAD LUL
[0:00:23] <%goodbunny> LULW
[0:00:24] <Bakolt> WutFace
[0:00:25] <potioncracker> EU BUG LULW
[0:00:25] <ireen90088> its back:D
[0:00:26] <+drexl019> I WANT THIS
[0:00:26] <nervelife> LMAOOOOO
[0:00:27] <cherdle> HAcKING PogU
[0:00:29] <HITCHIK> Saved
[0:00:29] <sw3rvyyyy> saved Pog
[0:00:30] <%Bjack421> HACKERMANS rooD
[0:00:30] <+27therealone> SAVED
[0:00:30] <50Cows> monkaS
[0:00:32] <nyannko777> EU NET LULW
[0:00:32] <Averdian> Kappa Kappa Kappa Kappa Kappa
[0:00:34] <zgr65> POG
[0:00:35] <%tl_doomsday2494> Kreygasm Kreygasm Kreygasm Kreygasm Kreygasm Kreygasm
[0:00:36] <boojo> drunk
[0:00:36] <plebaria123> ????????????????????
[0:00:36] <idrequireda> hellooo
[0:00:37] <VladE81> wet
[0:00:37] <+optibot> That same bug happened to me on ARAM
[0:00:40] <Tomaplen> HAHAHAHAHA THE WATER XD
[0:00:41] <Saadsama> ????
[0:00:43] <@cup_of_lulu> so winnable
[0:00:43] <+MegaFreshLemons> Did they dc from the game?
[0:00:47] <FullTimeSpacePirate> First ?
[0:00:48] <+flav0rtext> Did all their internet F?
[0:00:49] <@cup_of_lulu> Pog
[0:00:50] <MYNEWDUMGAME> LULW FORG1VEN ABOUT TO HAVE A TWITTER FESTIVAL LULW
[0:00:50] <perkalerk> 5Head
[0:00:50] <+Henrisverden> internet probably crashed
[0:00:50] <%NUCULAAR> Reborn Pog
[0:00:51] <rare_only> what are these games NotLikeThis NotLikeThis
[0:00:56] <NewManSD> g
[0:00:56] <FreshiZnoGouD> Pog
[0:00:56] <Sielko> we beack
[0:00:57] <%tl_doomsday2494> LMAO
[0:01:02] <Averdian> JENSEN JENSE
[0:01:05] <victorsouzaxc11> !duo
[0:01:05] <@Nightbot> Duo Blackpink Jennie (Jensen)
[0:01:06] <tekashi6nitch9ine> NA LULW
[0:01:06] <soratzu> Hi Dad
[0:01:07] <NewManSD> e
[0:01:08] <+IMKiiiNG> Yippeeee
[0:01:09] <+DasLebenIstKurz> WATER ON THE SHIRT Pog
[0:01:11] <%IDCR4F1> why are ppls recall golden?
[0:01:17] <NewManSD> r
[0:01:19] <%Vaalentiino> @MYNEWDUMGAME LET HIM MALD LULW
[0:01:20] <+leafretv> NA JUKE LUL
[0:01:22] <@cup_of_lulu> monkaS
[0:01:24] <Averdian> hmmmmmmmmmmmmmmmmm
[0:01:24] <@Nightbot> Check Doublelift's Socials! Youtube: youtube.com/c/Doublelift Twitter: twitter.com/TLDoublelift Instagram: instagram.com/yiliangpeng
[0:01:24] <+mayacc00> DEad
[0:01:26] <potioncracker> LULW
[0:01:26] <EnigmaticPenguin> Jebaited
[0:01:28] <bokolos247> ticket incoming
[0:01:30] <@TeamLiquid> SHOP TEAM LIQUID X MARVEL: tl.gg/shopmarvel
[0:01:33] <03adcadc> @IDCR4F1 challenger
[0:01:34] <BlueBoze> I'm here trying to learn how to adc and peter is trolling
[0:01:37] <mwr_phloem> NICE FEED LUL
[0:01:37] <@cup_of_lulu> LMFAOD
[0:01:38] <+Henrisverden> LUL
[0:01:39] <Bloomkail> LUL
[0:01:39] <saeicon1856> lol
[0:01:39] <Spankanatorx> LULW
[0:01:40] <FateTestarossaH> LOOOL
[0:01:40] <fnk95> DISCO NUNU LULW
[0:01:40] <Fearful_Warlord> lmao
[0:01:40] <areola__grande> lmfao
[0:01:41] <echoesbeneath> Oh we back
[0:01:41] <aesthetictwitch> bro this is not NA people are actually trying to play the game
[0:01:41] <ireen90088> the ult
[0:01:42] <+AmyKatherine> LUL
[0:01:42] <Shamanboi408> ?
[0:01:42] <+g0skk> PogChamp
[0:01:42] <+OLoneki> LULW
[0:01:42] <+missionpassedrespect> LULW
[0:01:43] <+haochima> afk and inting
[0:01:44] <+eris_1125> you suck lol
[0:01:44] <plebaria123> why do u int?
[0:01:44] <Perfectclear> EL EM EF AY OH
[0:01:44] <Averdian> lel
[0:01:44] <julio_c4> LUL
[0:01:44] <shinbuya> noob !
[0:01:44] <cutiechiaki> Kreygasm Kreygasm Kreygasm
[0:01:44] <urbanmoomoo> LULU
[0:01:44] <+abigchicken1> EU DEATH LULW
[0:01:45] <%IDCR4F1> damn thats sick
[0:01:45] <djsneakysnake> 4FUN REGION HITS HARD
[0:01:45] <+wowbrah18> ur bad lul
[0:01:46] <tekashi6nitch9ine> NA INT LULW
[0:01:46] <+Ekoth> BigBrother
[0:01:48] <+lilsko> double int
[0:01:49] <Bloomkail> inting Na player
[0:01:49] <Reanimate1> DISCO NUNU monkaS
[0:01:50] <%tl_doomsday2494> 18k viewers pog
[0:01:51] <BanExile> WB
[0:01:51] <rotf_> we back
[0:01:52] <+greyrat_dr> he's distracting them so that team can free farm in base 5Head
[0:01:52] <SonnyD50> did someone spill water on him???
[0:01:53] <Izumy_22> fuk dude we hoped you were banned
[0:01:53] <sondead> almost
[0:01:56] <potioncracker> winnable Pog
[0:01:57] <Averdian> lmao
[0:01:57] <aebcdc> !duo
[0:01:57] <@Nightbot> Duo Blackpink Jennie (Jensen)
[0:01:59] <6ft4lawstudent> Saved
[0:02:00] <realpicklemorty> DDOSED
[0:02:04] <+flav0rtext> There are so many bugs with Nunu
[0:02:04] <BanExile> int snowballing in Pog
[0:02:05] <new_wave333> comp is actually trying and tryharding respect him pls
[0:02:06] <+sngreporsngre> TwitchVotes You have been gifted a subscription. Type !claim to activate.
[0:02:06] <whoamiiiiiiiiiii> why does this trash run it down
[0:02:06] <bokolos247> DL getting banned
[0:02:08] <Niotism> OK BUT WHO GOT RED?
[0:02:10] <MYNEWDUMGAME> LULW JENSEN QUIT
[0:02:13] <tekashi6nitch9ine> NA comes to EU to feed LULW
[0:02:17] <%draw_blank> jensen ddos op
[0:02:17] <Moonate> has gifted you a sub TwitchVotes . Press !eulul to redeem.
[0:02:17] <ireen90088> wut happen XDD
[0:02:18] <%jasmay> !claim
[0:02:18] <sadboyjay> @aesthetictwitch he got disconnected did u not see his stream die thats why hes behind idiot LUL
[0:02:18] <jachuzzzt> BIG LOAD
[0:02:18] <Envelaap> PogU
[0:02:18] <sw3rvyyyy> old jensen LUL
[0:02:18] <+DoMoreWORK> ddosed by jensen LUL
[0:02:19] <whoamiiiiiiiiiii> WHY RUN IT DOWN CLOWN ???
[0:02:19] <Averdian> REPORT veigodx
[0:02:21] <+cosmogramma> !claim
[0:02:21] <mwr_phloem> GETTING carried again danCreep
[0:02:21] <potioncracker> !reject
[0:02:23] <bdjoe> wet t shirt contest boys
[0:02:25] <Dwightshotdogs> THATS NOT WATER
[0:02:26] <6ft4lawstudent> Lost 20k viewers LUL LUL LUL
[0:02:26] <redscreench> !claim
[0:02:27] <Izumy_22> !ban
[0:02:27] <+Jeembo85> ah... I spilled a lot of "water" on myself growing up as well
[0:02:28] <plebaria123> ???????????drunk
[0:02:31] <+cosmogramma> it worked POGCHAMP
[0:02:31] <Ethan22__> !claim
[0:02:32] <tekashi6nitch9ine> !fuckyou
[0:02:32] <19VSR91> test
[0:02:34] <+flav0rtext> there used to be a Nunu bug where he'd just be invisible before using abilities
[0:02:35] <jumbo_gunz> Every time I toon in youre always griefing your duo LUL
[0:02:36] <hallogenxd> CYA 20 K LUL
[0:02:37] <noddeg> 13k LULW
[0:02:37] <+greyrat_dr> !opgg
[0:02:37] <@Nightbot> https://euw.op.gg/summoner/userName=i+come+in+peace
[0:02:40] <whoamiiiiiiiiiii> why do you farm idiot???
[0:02:41] <HITCHIK> and all that just because of takeing red
[0:02:43] <+sngreporsngre> !eulul
[0:02:43] <idrequireda> are you sure that's water☺?
[0:02:46] <%KurokoKills> KurokoKills subscribed with Twitch Prime. They've subscribed for 3 months, currently on a 1 month streak! 
[0:02:46] <kamenridergordonxd> doublelift not on adcs LUL
[0:02:47] <realpicklemorty> !eulul
[0:02:50] <Delozz> xD
[0:02:51] <@cup_of_lulu> monkaS
[0:02:51] <aesthetictwitch> @sadboyjay and when he reconnected he went bot to do nothing when his team was barely defending nexus
[0:02:51] <whoamiiiiiiiiiii> literally trolling
[0:02:51] <Averdian> hmmmmmm
[0:02:51] <urbanmoomoo> LULW
[0:02:52] <+Bmw_94> LULW
[0:02:52] <+0Matias0> LMAO
[0:02:52] <$Party_Train> BigBrother
[0:02:53] <noddeg> OMEGALUL
[0:02:53] <BanExile> Int
[0:02:54] <%bennybock_> hahahahaha
[0:02:54] <potioncracker> KEKW
[0:02:54] <MrDrSlayer> KEKW
[0:02:54] <Izumy_22> running it down
[0:02:55] <19VSR91> stoned af me am
[0:02:55] <d3nisthemenace> lol
[0:02:55] <+ChickenDelights> LUL
[0:02:56] <thouglol> get smashed by marius
[0:02:56] <itchynsmelly> FF
[0:02:57] <+eris_1125> peter...
[0:02:58] <tristansama> reported
[0:02:59] <Digitulized> BigBrother
[0:03:00] <Bakolt> LULW
[0:03:00] <sawcalendar756> Did sivir get the red?
[0:03:01] <areola__grande> NotLikeThis
[0:03:01] <NintenDooM33> rolling it down LUL
[0:03:01] <saeicon1856> saeicoClownFiesta saeicoClownFiesta saeicoClownFiesta
[0:03:02] <ThatAkwardMoment> game been over lol
[0:03:02] <+Ekoth> boxNOTLIKETHIS NA is screwed boxNOTLIKETHIS
[0:03:02] <$Mooky212> welcome back
[0:03:03] <cutiechiaki> HE WENT FOR A QUICK THATS WHY STREAM OFF
[0:03:05] <potioncracker> Peter...
[0:03:05] <Izumy_22> report doublelift for inting griefing
[0:03:05] <Moonate> I'm from EU but I have to admit that NA is far batter :(
[0:03:06] <Ilikelamp7> LUL LUL LUL LUL
[0:03:13] <sw3rvyyyy> running it down again peter LUL
[0:03:13] <+Skinkemunden> Veiger god Pog
[0:03:14] <@cup_of_lulu> monkaS
[0:03:15] <exQuick> me stoned af PepeLaugh
[0:03:16] <+HakaruLovesU> @sawcalendar756 asking the real questions
[0:03:17] <Delozz> nt
[0:03:17] <%Zairiku> What happened to stream? did he dc?
[0:03:18] <tekashi6nitch9ine> NA WILL not leave groups again LULW so bad LULW
[0:03:19] <saeicon1856> gg
[0:03:21] <bokolos247> your SON?
[0:03:23] <ape_mystery> WHO GOT THE REDDDD???
[0:03:26] <Averdian> He had Doublelift on his team F PepeHands
[0:03:27] <xFabulA> report saying p0ssy
[0:03:27] <+bijaytheslayer> WHY is noone else who play worlds STREAMING? nothing to watch except this guy
[0:03:27] <urbanmoomoo> ?????????????
[0:03:28] <MYNEWDUMGAME> LULW DISCO NUNU LULW
[0:03:28] <itchynsmelly> ?
[0:03:30] <+Saplingscanfly> Disco Nunu PogU
[0:03:31] <+swagsta1337> me stoned af
[0:03:31] <d3nisthemenace> BigBrother
[0:03:41] <@cup_of_lulu> hello friends
[0:03:43] <@cup_of_lulu> i missed u guys
[0:03:46] <@Gamdol> hi
[0:03:47] <%tabemononomimono> think about your LP LULW
[0:03:49] <%xjoltic> LULW BANNED
[0:03:50] <%onlybig1> hi
[0:03:52] <%Zairiku> @Doublelift Hey can you grab camera and look down on it? I need it for a project of mine :)
[0:03:52] <%slapymycorndog> hi
[0:03:53] <%dimitri5> liftW
[0:03:56] <%KurokoKills> LOL
[0:03:56] <@cup_of_lulu> I Agree
[0:03:59] <%NicklasRehn> LUL
[0:04:01] <%xjoltic> I DISAGREE Pog
[0:04:09] <%dimitri5> LULW
[0:04:09] <%Aziz050> no balls
[0:04:34] <%IDCR4F1> :(
[0:04:36] <%onlybig1> they both disconnected?
[0:04:44] <%Fultima> how did he get disconnected?
[0:04:46] <%dimitri5> did u lose lp for leaving
[0:04:47] <@cup_of_lulu> internet went out
[0:04:56] <theroyalsp12> wait wtf
[0:04:59] <%NUCULAAR> Self ddos
[0:05:02] <%Yunghoochlol> DUO CAPS
[0:05:06] <%HinokiRL> duo impact
[0:05:08] <@cup_of_lulu> !commands edit !duo No duo PepeHands
[0:05:08] <@Nightbot> @cup_of_lulu -> The command "!duo" has been edited successfully.
[0:05:10] <Izumy_22> play with isymfg @Doublelift
[0:05:11] <sw3rvyyyy> d1 police Pog
[0:05:12] <+Ekoth> demoted Pog
[0:05:12] <john_97k> duo caps
[0:05:12] <+eris_1125> ASHE TIME
[0:05:12] <tekashi6nitch9ine> Pog
[0:05:15] <afk_on_bush> duo cqps
[0:05:16] <+drexl019> 3RD WORLD INTERNET LULW
[0:05:16] <julio_c4> PENIS
[0:05:16] <ing_55> @Doublelift PLls your opinion on Carzzy?? Thx bud
[0:05:16] <%PIP_RayxD> Hey chat liftTL liftTL liftTL
[0:05:17] <+Jeembo85> Yensen DDOS the wrong players, he's out of practice
[0:05:17] <kamenridergordonxd> !duo
[0:05:17] <Hxnd> i come in here and youre feeding cmonbruh
[0:05:17] <@Nightbot> No duo PepeHands
[0:05:17] <verypunk> he is back
[0:05:17] <$justbrangames> @Doublelift Check at the new riot song https://www.youtube.com/watch?v=Yn38iUUtJrw&feature=youtu.be
[0:05:17] <SantoRyu7> ratirlMangoS ratirlMangoS ratirlMangoS ratirlMangoS
[0:05:18] <%shivani21> lane with caps!!!
[0:05:18] <+103pg103> PogU
[0:05:19] <+Plz_Stahp> duo caps? @Doublelift
[0:05:22] <ireen90088> Adc mode XD
[0:05:22] <+beatenfm> @Doublelift I'll duo queue with you
[0:05:22] <%xRoachy> change your shirt on stream for the ladys
[0:05:23] <+Rafsimonsx> play with caps
[0:05:23] <+chinoy1> xFsnAyaya
[0:05:23] <HiroSB> DUO ISYMFG
[0:05:25] <kiteTenki> wait is he wet?
[0:05:25] <+GleeF310> Threaten Jensen to rough him up if he doesnt continue playing
[0:05:25] <afk_on_bush> DUO CAPS
[0:05:26] <+roxorsz> !uptime
[0:05:26] <+eris_1125> @Doublelift ASHEEEE
[0:05:26] <@Nightbot> Doublelift has been live for 5 minutes 35 seconds
[0:05:27] <Saadsama> caps is afk
[0:05:28] <casi0clay> Team up with "Just a trickster" - you should try playing with a good danish midlaner (:
[0:05:29] <+103pg103> gingers
[0:05:29] <+FlashStepCat> duo caps
[0:05:31] <tekashi6nitch9ine> NA came to EU too feed Pepepe LULW
[0:05:33] <%Dragonspit56> DUO IMPACTT
[0:05:33] <kamenridergordonxd> @Doublelift Try malzahar adc
[0:05:34] <yaserusan> report DL for inting the game
[0:05:35] <%tl_doomsday2494> peped
[0:05:36] <Mad_Maxmilian> Guys i just finished Stardust crusaders and i almost cried PepeHands
[0:05:37] <+HakaruLovesU> @Doublelift i watch your stream so long till you win
[0:05:37] <%tl_doomsday2494> peped pog
[0:05:37] <+eris_1125> @Doublelift ASHE TIME
[0:05:38] <+Skinkemunden> caps doesn't duo
[0:05:38] <aleexsuarez> DUO IMPACTZ
[0:05:39] <pepega_kkona_chan_ayaya> Caps duo PogU @Doublelift
[0:05:39] <+maxkidde> U ARE WASHED BRO
[0:05:39] <JimBeamZz> PepePls
[0:05:40] <SantoRyu7> ratirlMangoS ratirlMangoS ratirlMangoS ratirlMangoS ratirlMangoS ratirlMangoS
[0:05:41] <%Zairiku> @xRoachy he cant do that yet, shirtless stream is for after he wins worlds :)
[0:05:42] <Saadsama> CAPS AFL
[0:05:42] <+wowbrah18> duo with urself
[0:05:43] <+12InchesOfTrueDMG> grief caps PepeLaugh
[0:05:43] <itchynsmelly> BEGGING FOR CARRY LUL
[0:05:44] <bokolos247> DL try to win dude
[0:05:46] <obiiv> DOUBLE CAPS
[0:05:47] <iShredly> PepeD
[0:05:48] <zzsongz> !opgg
[0:05:48] <@Nightbot> https://euw.op.gg/summoner/userName=i+come+in+peace
[0:05:49] <aleexsuarez> DUO IMPACT PLZ
[0:05:49] <%HinokiRL> try swain adc
[0:05:52] <+sneakydrew> Wish we could see Froggen at worlds again
[0:05:53] <MYNEWDUMGAME> DOUBLE CAPS PogU
[0:05:53] <HellChaosRunna> duo nisqy
[0:05:57] <Mad_Maxmilian> !song
[0:05:58] <casi0clay> @Doublelift Team up with "Just a trickster" - you should try playing with a good danish midlaner (:
[0:05:59] <+deadlock99> IMPACT PLZZ
[0:05:59] <Tomaplen> Doublelift has been feeding for 6 years and 8 months.
[0:06:00] <iShredly> PepePls
[0:06:01] <JimBeamZz> pepeD
[0:06:01] <tekashi6nitch9ine> Duo someone from EU so you can actually win peter SeemsGood
[0:06:01] <Ramirez3> @Doublelift great sleeping schedule sir
[0:06:02] <o0it0o> join caps
[0:06:03] <HITCHIK> @doublelift did you look at amsterdam on your offday?
[0:06:05] <SleepingTomato> @Doublelift duo with forg1ven Pog
[0:06:06] <%SnowPirate> Welcome back barrYgood
[0:06:06] <+Ekoth> Duo dyrus
[0:06:06] <itsSCP> @Doublelift What mages bot are good atm?
[0:06:08] <joao_vally> !MUSIC
[0:06:08] <Saqklodsw> DUO WITH THE MAN thE MYTH THE LEGENDARY ... impact
[0:06:08] <@Nightbot> https://open.spotify.com/playlist/07jQOBNclOFRarMRawjPf4?si=XCk_XT_GTvSb3laNe1RxLg
[0:06:12] <+primal_bonobo> @Doublelift DUO BJERGSEN Pog
[0:06:17] <xXpolaris> !OPGG
[0:06:17] <soratzu> where is the boot camp
[0:06:17] <noddeg> pepeD
[0:06:19] <tekashi6nitch9ine> Duo with Pepinero
[0:06:20] <galvery> !uptime
[0:06:21] <@Nightbot> Doublelift has been live for 6 minutes 29 seconds
[0:06:21] <bokolos247> doublelift why are you inting forg1ven
[0:06:22] <%Alderman56> dou impact
[0:06:24] <+mrgreenavocado> you just lost 15k viewers pepe-hands
[0:06:24] <yugogodx> DUO WITH HOTSHOTGG @Doublelift
[0:06:26] <Golden_Ant> is bjerg at home ?
[0:06:28] <+Andyrocks56> !account
[0:06:28] <hajjajinaoufal> martin garrix babay
[0:06:29] <HellChaosRunna> @primal_bonobo that's a way back
[0:06:29] <talha065> Music martin garrix forever
[0:06:30] <+nairoterP> !opgg
[0:06:30] <@Nightbot> https://euw.op.gg/summoner/userName=i+come+in+peace
[0:06:31] <pepega_kkona_chan_ayaya> wait no duo isymfg he's lonely PepeHands
[0:06:32] <waazaap123> jigalo
[0:06:32] <implicit_8492> If I zoom in on the screen, I can format the client to the exact dimensions of my phone
[0:06:32] <+xfreddeadx> F
[0:06:33] <jcpoopyall> @soratzu netherlands
[0:06:33] <%Zairiku> F
[0:06:33] <nyannko777> F
[0:06:34] <tekashi6nitch9ine> F
[0:06:35] <+greyrat_dr> F
[0:06:35] <+tyykuu> F
[0:06:36] <nailmelon> F
[0:06:36] <+lecheeee> hows leena
[0:06:36] <hernan_sama> !hi
[0:06:36] <NikotineVN> F
[0:06:36] <+Heysylar> F ?????
[0:06:37] <@cup_of_lulu> o no
[0:06:37] <p0gwarts> F
[0:06:37] <OfficerKrown> F
[0:06:37] <f4nky__> @doublelift Duo Forgiven?
[0:06:37] <mrtinydmcgee> C
[0:06:38] <Ittsywa> F
[0:06:38] <+maxkidde> f
[0:06:38] <+catrageroom> F
[0:06:38] <thejurjurman> AYAYA
[0:06:39] <@cup_of_lulu> o no...
[0:06:39] <giobek> f
[0:06:39] <+natedawg2477> F
[0:06:39] <noddeg> NEYMAR
[0:06:40] <JimBeamZz> pepeD
[0:06:40] <+mrgreenavocado> why no duo with my boy core-jj
[0:06:40] <+mummonhakkaaja> F
[0:06:40] <Filbro> F
[0:06:40] <potioncracker> F
[0:06:41] <ireen90088> oh no
[0:06:41] <+flav0rtext> F
[0:06:41] <+kevin_fate> G
[0:06:41] <stevenpika> F
[0:06:41] <+Abdewlz> F ONCE AGAIN
[0:06:41] <sjk7321> f
[0:06:42] <lekza> LULW
[0:06:42] <Cenarius6> f
[0:06:42] <mylessxd> F
[0:06:42] <VladE81> again cmon
[0:06:43] <SantoRyu7> F
[0:06:43] <amersalihu69> F
[0:06:43] <+nazifhalim> f
[0:06:43] <+ProZZac_v1> F PepeHands
[0:06:43] <MushuFeels> wut
[0:06:45] <6ft4lawstudent> F
[0:06:45] <%Zairiku> stream might be cancelled lads..
[0:06:45] <SkyTicky> F
[0:06:46] <MovingJPEG> RIP LULW
[0:06:46] <Anwedie> EU LULW
[0:06:46] <%draw_blank> f
[0:06:47] <%TheLovelyChris> REEEEEEEEEE
[0:06:47] <vbk_xd> f
[0:06:47] <mrtinydmcgee> F
[0:06:47] <p0gwarts> GG
[0:06:48] <matrixQQ> NotLikeThis NotLikeThis NotLikeThis
[0:06:48] <sawcalendar756> not again
[0:06:49] <OmriHaze> no f
[0:06:49] <%shardsbronzepai> F
[0:06:49] <+Plz_Stahp> F
[0:06:49] <koalafister> next slide please
[0:06:50] <soratzu> @jcpoopyall thanks
[0:06:50] <ImNotJackie> LULW
[0:06:50] <+12InchesOfTrueDMG> LULW
[0:06:51] <dmcent73> F
[0:06:51] <KaIiMa> f
[0:06:51] <%mykell2> F
[0:06:51] <+holyunded> <
[0:06:51] <+Ekoth> boxNOTLIKETHIS he's texting leena instead of reading twich chat boxNOTLIKETHIS
[0:06:51] <%tabemononomimono> F
[0:06:52] <HITCHIK> f agaene
[0:06:52] <%IDCR4F1> yoooo
[0:06:52] <+flav0rtext> Amsterdam internet LULW
[0:06:52] <%HinokiRL> F
[0:06:52] <%NUCULAAR> F
[0:06:52] <potioncracker> PepeLaugh oh no n o n o
[0:06:53] <grondjuice1> Wish the STREAM WAS REBORN
[0:06:53] <waazaap123> F VoHiYo
[0:06:53] <tsatrws> pepinero hahahahahhahaha.....
[0:06:54] <%sir_prizee> Eu Internet is liftTrash
[0:06:54] <+Abdewlz> DDOSED
[0:06:55] <+Dragonkiller3523> F
[0:06:55] <2iPim> NotLikeThis NotLikeThis NotLikeThis NotLikeThis
[0:06:55] <+sergio7997> !opgg
[0:06:55] <SantoRyu7> ratirlMangoS F
[0:06:55] <Iceborn__> lulw
[0:06:55] <thejurjurman> ANY CUTIES
[0:06:56] <undawataskwad> refresh it nerds
[0:06:58] <tekashi6nitch9ine> NA so fat they clogg the internet cables LULW
[0:06:58] <@cup_of_lulu> PepeHands
[0:06:59] <+sajjadsoltanm> F part 2
[0:07:00] <cutiechiaki> LUL LUL
[0:07:01] <%CKFruitLoops> refresh
[0:07:01] <RawTeeb> PepeHands
[0:07:02] <+holyunded> F
[0:07:04] <%CKFruitLoops> still dead
[0:07:05] <%Kronisaurus> rip
[0:07:05] <OmriHaze> F
[0:07:05] <Iceborn__> AYAYA
[0:07:06] <xxelitekkxx> #saved
[0:07:06] <soulstren> DUO THRESH
[0:07:08] <mohamed_sebastian> Rip Jump down from 32K to 15K
[0:07:09] <kynkata> KEKW
[0:07:09] <thejurjurman> saved POG
[0:07:10] <+Xoid97> gg
[0:07:10] <Koke_> F
[0:07:11] <%Orzaidus> refresh
[0:07:12] <SharpWolfz> F
[0:07:13] <%naitsirhc> F
[0:07:13] <MushuFeels> gg
[0:07:13] <jDragnoss> F
[0:07:13] <jnogsi> Refresh nerds
[0:07:13] <grondjuice1> F
[0:07:14] <weakmetal> :0
[0:07:14] <%maofishing> f
[0:07:14] <AVeryFatPanda> F
[0:07:15] <iamsamyesiama1> F
[0:07:15] <Klubbah> PepeHands
[0:07:15] <ireen90088> f'
[0:07:16] <noddeg> LULW
[0:07:16] <Wool_Blanket> F
[0:07:16] <+Doolander> f
[0:07:16] <Zorgolk> F
[0:07:16] <+Ekoth> F
[0:07:16] <orirefaely1234> Ohhhhh
[0:07:16] <tristansama> F
[0:07:16] <Reanimate1> HAHA
